<?xml version="1.0" encoding="UTF-8"?>
<!-- Generated by org.testng.reporters.JUnitReportReporter -->
<testsuite skipped="0" hostname="BHUVANEK5" name="selenium_test.WebTable1" tests="1" failures="0" timestamp="03 Sep 2018 12:50:04 GMT" time="31.770" errors="0">
  <testcase name="setUp" time="31.770" classname="selenium_test.WebTable1"/>
</testsuite> <!-- selenium_test.WebTable1 -->
