<?xml version="1.0" encoding="UTF-8"?>
<!-- Generated by org.testng.reporters.JUnitReportReporter -->
<testsuite skipped="0" hostname="BHUVANEK5" name="com.qa.tests.GetAPITest" tests="2" failures="0" timestamp="24 Jul 2018 18:22:27 GMT" time="8.672" errors="0">
  <testcase name="getTest" time="7.987" classname="com.qa.tests.GetAPITest"/>
  <testcase name="getApiTestwithHeaders" time="0.685" classname="com.qa.tests.GetAPITest"/>
</testsuite> <!-- com.qa.tests.GetAPITest -->
