<?xml version="1.0" encoding="UTF-8"?>
<!-- Generated by org.testng.reporters.JUnitReportReporter -->
<testsuite skipped="0" hostname="BHUVANEK5" name="com.qa.tests.GetAPITest" tests="2" failures="0" timestamp="26 Jul 2018 16:11:09 GMT" time="3.876" errors="0">
  <testcase name="getTest" time="2.110" classname="com.qa.tests.GetAPITest"/>
  <testcase name="getApiTestwithHeaders" time="1.766" classname="com.qa.tests.GetAPITest"/>
</testsuite> <!-- com.qa.tests.GetAPITest -->
