<?xml version="1.0" encoding="UTF-8"?>
<!-- Generated by org.testng.reporters.JUnitReportReporter -->
<testsuite skipped="0" hostname="BHUVANEK5" name="com.qa.tests.PostApiTest" tests="1" failures="0" timestamp="26 Jul 2018 16:11:09 GMT" time="0.019" errors="0">
  <testcase name="postApiTest" time="0.019" classname="com.qa.tests.PostApiTest"/>
</testsuite> <!-- com.qa.tests.PostApiTest -->
